{"C:\\Users\\10User\\Desktop\\Auth Page\\src\\services\\api.ts": {"path":"C:\\Users\\10User\\Desktop\\Auth Page\\src\\services\\api.ts","statementMap":{"0":{"start":{"line":7,"column":16},"end":{"line":7,"column":41}},"1":{"start":{"line":12,"column":13},"end":{"line":87,"column":2}},"2":{"start":{"line":16,"column":68},"end":{"line":36,"column":null}},"3":{"start":{"line":17,"column":4},"end":{"line":35,"column":5}},"4":{"start":{"line":18,"column":23},"end":{"line":24,"column":8}},"5":{"start":{"line":26,"column":19},"end":{"line":26,"column":40}},"6":{"start":{"line":28,"column":6},"end":{"line":30,"column":7}},"7":{"start":{"line":29,"column":8},"end":{"line":29,"column":63}},"8":{"start":{"line":32,"column":6},"end":{"line":32,"column":18}},"9":{"start":{"line":34,"column":6},"end":{"line":34,"column":18}},"10":{"start":{"line":41,"column":51},"end":{"line":61,"column":null}},"11":{"start":{"line":42,"column":4},"end":{"line":60,"column":5}},"12":{"start":{"line":43,"column":23},"end":{"line":49,"column":8}},"13":{"start":{"line":51,"column":19},"end":{"line":51,"column":40}},"14":{"start":{"line":53,"column":6},"end":{"line":55,"column":7}},"15":{"start":{"line":54,"column":8},"end":{"line":54,"column":56}},"16":{"start":{"line":57,"column":6},"end":{"line":57,"column":18}},"17":{"start":{"line":59,"column":6},"end":{"line":59,"column":18}},"18":{"start":{"line":66,"column":48},"end":{"line":86,"column":null}},"19":{"start":{"line":67,"column":4},"end":{"line":85,"column":5}},"20":{"start":{"line":68,"column":23},"end":{"line":74,"column":8}},"21":{"start":{"line":76,"column":19},"end":{"line":76,"column":40}},"22":{"start":{"line":78,"column":6},"end":{"line":80,"column":7}},"23":{"start":{"line":79,"column":8},"end":{"line":79,"column":73}},"24":{"start":{"line":82,"column":6},"end":{"line":82,"column":18}},"25":{"start":{"line":84,"column":6},"end":{"line":84,"column":18}}},"fnMap":{"0":{"name":"(anonymous_7)","decl":{"start":{"line":16,"column":12},"end":{"line":16,"column":19}},"loc":{"start":{"line":16,"column":68},"end":{"line":36,"column":null}}},"1":{"name":"(anonymous_8)","decl":{"start":{"line":16,"column":68},"end":{"line":16,"column":null}},"loc":{"start":{"line":16,"column":68},"end":{"line":36,"column":3}}},"2":{"name":"(anonymous_9)","decl":{"start":{"line":41,"column":9},"end":{"line":41,"column":16}},"loc":{"start":{"line":41,"column":51},"end":{"line":61,"column":null}}},"3":{"name":"(anonymous_10)","decl":{"start":{"line":41,"column":51},"end":{"line":41,"column":null}},"loc":{"start":{"line":41,"column":51},"end":{"line":61,"column":3}}},"4":{"name":"(anonymous_11)","decl":{"start":{"line":66,"column":24},"end":{"line":66,"column":31}},"loc":{"start":{"line":66,"column":48},"end":{"line":86,"column":null}}},"5":{"name":"(anonymous_12)","decl":{"start":{"line":66,"column":48},"end":{"line":66,"column":null}},"loc":{"start":{"line":66,"column":48},"end":{"line":86,"column":3}}}},"branchMap":{"0":{"loc":{"start":{"line":28,"column":6},"end":{"line":30,"column":7}},"type":"if","locations":[{"start":{"line":28,"column":6},"end":{"line":30,"column":7}}]},"1":{"loc":{"start":{"line":29,"column":24},"end":{"line":29,"column":61}},"type":"binary-expr","locations":[{"start":{"line":29,"column":24},"end":{"line":29,"column":36}},{"start":{"line":29,"column":40},"end":{"line":29,"column":61}}]},"2":{"loc":{"start":{"line":53,"column":6},"end":{"line":55,"column":7}},"type":"if","locations":[{"start":{"line":53,"column":6},"end":{"line":55,"column":7}}]},"3":{"loc":{"start":{"line":54,"column":24},"end":{"line":54,"column":54}},"type":"binary-expr","locations":[{"start":{"line":54,"column":24},"end":{"line":54,"column":36}},{"start":{"line":54,"column":40},"end":{"line":54,"column":54}}]},"4":{"loc":{"start":{"line":78,"column":6},"end":{"line":80,"column":7}},"type":"if","locations":[{"start":{"line":78,"column":6},"end":{"line":80,"column":7}}]},"5":{"loc":{"start":{"line":79,"column":24},"end":{"line":79,"column":71}},"type":"binary-expr","locations":[{"start":{"line":79,"column":24},"end":{"line":79,"column":36}},{"start":{"line":79,"column":40},"end":{"line":79,"column":71}}]}},"s":{"0":1,"1":1,"2":3,"3":3,"4":3,"5":2,"6":2,"7":1,"8":1,"9":2,"10":2,"11":2,"12":2,"13":2,"14":2,"15":1,"16":1,"17":1,"18":0,"19":0,"20":0,"21":0,"22":0,"23":0,"24":0,"25":0},"f":{"0":3,"1":3,"2":2,"3":2,"4":0,"5":0},"b":{"0":[1],"1":[1,0],"2":[1],"3":[1,0],"4":[0],"5":[0,0]}}
}
