TN:
SF:src\services\api.ts
FN:16,(anonymous_7)
FN:16,(anonymous_8)
FN:41,(anonymous_9)
FN:41,(anonymous_10)
FN:66,(anonymous_11)
FN:66,(anonymous_12)
FNF:6
FNH:4
FNDA:3,(anonymous_7)
FNDA:3,(anonymous_8)
FNDA:2,(anonymous_9)
FNDA:2,(anonymous_10)
FNDA:0,(anonymous_11)
FNDA:0,(anonymous_12)
DA:7,1
DA:12,1
DA:16,3
DA:17,3
DA:18,3
DA:26,2
DA:28,2
DA:29,1
DA:32,1
DA:34,2
DA:41,2
DA:42,2
DA:43,2
DA:51,2
DA:53,2
DA:54,1
DA:57,1
DA:59,1
DA:66,0
DA:67,0
DA:68,0
DA:76,0
DA:78,0
DA:79,0
DA:82,0
DA:84,0
LF:26
LH:18
BRDA:28,0,0,1
BRDA:29,1,0,1
BRDA:29,1,1,0
BRDA:53,2,0,1
BRDA:54,3,0,1
BRDA:54,3,1,0
BRDA:78,4,0,0
BRDA:79,5,0,0
BRDA:79,5,1,0
BRF:9
BRH:4
end_of_record
